<?xml version="1.0" encoding="UTF-8"?>
<!-- Generated by org.testng.reporters.JUnitReportReporter -->
<testsuite hostname="LAPTOP-RO5NS03S" name="com.test.aaaaa.AppTest" tests="2" failures="0" timestamp="4 Sep 2017 01:48:23 GMT" time="0.008" errors="0">
  <testcase name="testApp" time="0.000" classname="com.test.aaaaa.AppTest"/>
  <testcase name="testApp1" time="0.008" classname="com.test.aaaaa.AppTest"/>
</testsuite> <!-- com.test.aaaaa.AppTest -->
